c:\users\kempo\desktop\lecture notes\moniprosessori\phase 2\multiprose\project1\project1\debug\vc141.pdb
c:\users\kempo\desktop\lecture notes\moniprosessori\phase 2\multiprose\project1\project1\debug\vc141.idb
c:\users\kempo\desktop\lecture notes\moniprosessori\phase 2\multiprose\project1\project1\debug\opencl.obj
c:\users\kempo\desktop\lecture notes\moniprosessori\phase 2\multiprose\project1\project1\debug\test.obj
c:\users\kempo\desktop\lecture notes\moniprosessori\phase 2\multiprose\project1\project1\debug\lodepng.obj
c:\users\kempo\desktop\lecture notes\moniprosessori\phase 2\multiprose\project1\project1\debug\zncc.obj
c:\users\kempo\desktop\lecture notes\moniprosessori\phase 2\multiprose\project1\debug\project1.ilk
c:\users\kempo\desktop\lecture notes\moniprosessori\phase 2\multiprose\project1\debug\project1.exe
c:\users\kempo\desktop\lecture notes\moniprosessori\phase 2\multiprose\project1\debug\project1.pdb
c:\users\kempo\desktop\lecture notes\moniprosessori\phase 2\multiprose\project1\project1\debug\opencl.obj.enc
c:\users\kempo\desktop\lecture notes\moniprosessori\phase 2\multiprose\project1\project1\debug\test.obj.enc
c:\users\kempo\desktop\lecture notes\moniprosessori\phase 2\multiprose\project1\project1\debug\vc120.idb
c:\users\kempo\desktop\lecture notes\moniprosessori\phase 2\multiprose\project1\project1\debug\vc120.pdb
c:\users\kempo\desktop\lecture notes\moniprosessori\phase 2\multiprose\project1\project1\debug\project1.tlog\cl.command.1.tlog
c:\users\kempo\desktop\lecture notes\moniprosessori\phase 2\multiprose\project1\project1\debug\project1.tlog\cl.read.1.tlog
c:\users\kempo\desktop\lecture notes\moniprosessori\phase 2\multiprose\project1\project1\debug\project1.tlog\cl.write.1.tlog
c:\users\kempo\desktop\lecture notes\moniprosessori\phase 2\multiprose\project1\project1\debug\project1.tlog\link.command.1.tlog
c:\users\kempo\desktop\lecture notes\moniprosessori\phase 2\multiprose\project1\project1\debug\project1.tlog\link.delete.1.tlog
c:\users\kempo\desktop\lecture notes\moniprosessori\phase 2\multiprose\project1\project1\debug\project1.tlog\link.read.1.tlog
c:\users\kempo\desktop\lecture notes\moniprosessori\phase 2\multiprose\project1\project1\debug\project1.tlog\link.write.1.tlog
